{"numFailedTestSuites":0,"numFailedTests":0,"numPassedTestSuites":41,"numPassedTests":91,"numPendingTestSuites":0,"numPendingTests":0,"numRuntimeErrorTestSuites":0,"numTodoTests":0,"numTotalTestSuites":41,"numTotalTests":91,"openHandles":[],"snapshot":{"added":0,"didUpdate":false,"failure":false,"filesAdded":0,"filesRemoved":0,"filesRemovedList":[],"filesUnmatched":0,"filesUpdated":0,"matched":0,"total":0,"unchecked":0,"uncheckedKeysByFile":[],"unmatched":0,"updated":0},"startTime":1778451046666,"success":true,"testResults":[{"assertionResults":[{"ancestorTitles":["Phase 3 data grid sort and column contracts"],"duration":34,"failureDetails":[],"failureMessages":[],"fullName":"Phase 3 data grid sort and column contracts uses shared TanStack grid abstraction in all Phase 3 report pages","invocations":1,"location":null,"numPassingAsserts":10,"retryReasons":[],"status":"passed","title":"uses shared TanStack grid abstraction in all Phase 3 report pages"},{"ancestorTitles":["Phase 3 data grid sort and column contracts"],"duration":42,"failureDetails":[],"failureMessages":[],"fullName":"Phase 3 data grid sort and column contracts renders configured columns and sorts by header interaction","invocations":1,"location":null,"numPassingAsserts":4,"retryReasons":[],"status":"passed","title":"renders configured columns and sorts by header interaction"}],"endTime":1778451048150,"message":"","name":"C:\\git\\Personal\\Summit\\tests\\unit\\components\\data-grid-sort-and-columns.spec.ts","startTime":1778451047548,"status":"passed","summary":""},{"assertionResults":[{"ancestorTitles":["Data grid column filtering contract"],"duration":24,"failureDetails":[],"failureMessages":[],"fullName":"Data grid column filtering contract supports global and per-column filtering for practical report scanning","invocations":1,"location":null,"numPassingAsserts":7,"retryReasons":[],"status":"passed","title":"supports global and per-column filtering for practical report scanning"},{"ancestorTitles":["Data grid column filtering contract"],"duration":11,"failureDetails":[],"failureMessages":[],"fullName":"Data grid column filtering contract renders humanized per-column placeholders without the Filter prefix and keeps raw column IDs for filtering","invocations":1,"location":null,"numPassingAsserts":11,"retryReasons":[],"status":"passed","title":"renders humanized per-column placeholders without the Filter prefix and keeps raw column IDs for filtering"},{"ancestorTitles":["Data grid column filtering contract"],"duration":12,"failureDetails":[],"failureMessages":[],"fullName":"Data grid column filtering contract keeps raw column IDs as filter attributes and applies filtering by raw key when placeholders collide","invocations":1,"location":null,"numPassingAsserts":12,"retryReasons":[],"status":"passed","title":"keeps raw column IDs as filter attributes and applies filtering by raw key when placeholders collide"},{"ancestorTitles":["Data grid column filtering contract"],"duration":7,"failureDetails":[],"failureMessages":[],"fullName":"Data grid column filtering contract wraps the table in a horizontal scroll container","invocations":1,"location":null,"numPassingAsserts":3,"retryReasons":[],"status":"passed","title":"wraps the table in a horizontal scroll container"},{"ancestorTitles":["Data grid column filtering contract"],"duration":5,"failureDetails":[],"failureMessages":[],"fullName":"Data grid column filtering contract uses the approved global search placeholder wording","invocations":1,"location":null,"numPassingAsserts":2,"retryReasons":[],"status":"passed","title":"uses the approved global search placeholder wording"}],"endTime":1778451048337,"message":"","name":"C:\\git\\Personal\\Summit\\tests\\unit\\components\\data-grid-column-filtering.spec.ts","startTime":1778451048196,"status":"passed","summary":""},{"assertionResults":[{"ancestorTitles":["InitProgrammingExportBtn"],"duration":6,"failureDetails":[],"failureMessages":[],"fullName":"InitProgrammingExportBtn inserts the export button before print, mirrors classes, and attaches an observer","invocations":1,"location":null,"numPassingAsserts":11,"retryReasons":[],"status":"passed","title":"inserts the export button before print, mirrors classes, and attaches an observer"},{"ancestorTitles":["InitProgrammingExportBtn"],"duration":3,"failureDetails":[],"failureMessages":[],"fullName":"InitProgrammingExportBtn copies data-v attributes from PRINT button instead of hardcoding data-v-718788cc","invocations":1,"location":null,"numPassingAsserts":3,"retryReasons":[],"status":"passed","title":"copies data-v attributes from PRINT button instead of hardcoding data-v-718788cc"},{"ancestorTitles":["InitProgrammingExportBtn"],"duration":2,"failureDetails":[],"failureMessages":[],"fullName":"InitProgrammingExportBtn does not create duplicate export buttons when called again","invocations":1,"location":null,"numPassingAsserts":1,"retryReasons":[],"status":"passed","title":"does not create duplicate export buttons when called again"}],"endTime":1778451048557,"message":"","name":"C:\\git\\Personal\\Summit\\tests\\unit\\components\\exportiCal.spec.ts","startTime":1778451048418,"status":"passed","summary":""},{"assertionResults":[{"ancestorTitles":["Phase 3 pdf export functional contract"],"duration":1,"failureDetails":[],"failureMessages":[],"fullName":"Phase 3 pdf export functional contract exports table headers and rows to pdf with practical formatting","invocations":1,"location":null,"numPassingAsserts":2,"retryReasons":[],"status":"passed","title":"exports table headers and rows to pdf with practical formatting"}],"endTime":1778451048719,"message":"","name":"C:\\git\\Personal\\Summit\\tests\\unit\\components\\data-grid-pdf-export-functional.spec.ts","startTime":1778451048566,"status":"passed","summary":""},{"assertionResults":[{"ancestorTitles":["InitLogbookRead"],"duration":9,"failureDetails":[],"failureMessages":[],"fullName":"InitLogbookRead creates read buttons before print, mirrors classes, and copies data-v attributes","invocations":1,"location":null,"numPassingAsserts":21,"retryReasons":[],"status":"passed","title":"creates read buttons before print, mirrors classes, and copies data-v attributes"}],"endTime":1778451048817,"message":"","name":"C:\\git\\Personal\\Summit\\tests\\unit\\components\\copyLogbook.spec.ts","startTime":1778451048729,"status":"passed","summary":""},{"assertionResults":[{"ancestorTitles":["Phase 2 dropdown selection contract"],"duration":4,"failureDetails":[],"failureMessages":[],"fullName":"Phase 2 dropdown selection contract uses OSS dropdown wrapper for simple selection in SummitCalendar","invocations":1,"location":null,"numPassingAsserts":3,"retryReasons":[],"status":"passed","title":"uses OSS dropdown wrapper for simple selection in SummitCalendar"},{"ancestorTitles":["Phase 2 dropdown selection contract"],"duration":5,"failureDetails":[],"failureMessages":[],"fullName":"Phase 2 dropdown selection contract emits change payload with element id and selected value","invocations":1,"location":null,"numPassingAsserts":3,"retryReasons":[],"status":"passed","title":"emits change payload with element id and selected value"}],"endTime":1778451048914,"message":"","name":"C:\\git\\Personal\\Summit\\tests\\unit\\components\\dropdown-selection-contract.spec.ts","startTime":1778451048834,"status":"passed","summary":""},{"assertionResults":[{"ancestorTitles":["Phase 1 datetime picker date blanking regressions"],"duration":11,"failureDetails":[],"failureMessages":[],"fullName":"Phase 1 datetime picker date blanking regressions keeps_start_date_when_start_time_changes_to_hh_mm","invocations":1,"location":null,"numPassingAsserts":1,"retryReasons":[],"status":"passed","title":"keeps_start_date_when_start_time_changes_to_hh_mm"},{"ancestorTitles":["Phase 1 datetime picker date blanking regressions"],"duration":5,"failureDetails":[],"failureMessages":[],"fullName":"Phase 1 datetime picker date blanking regressions keeps_end_date_when_end_time_changes_to_hh_mm","invocations":1,"location":null,"numPassingAsserts":1,"retryReasons":[],"status":"passed","title":"keeps_end_date_when_end_time_changes_to_hh_mm"},{"ancestorTitles":["Phase 1 datetime picker date blanking regressions"],"duration":2,"failureDetails":[],"failureMessages":[],"fullName":"Phase 1 datetime picker date blanking regressions keeps_prior_datetime_when_time_input_invalid","invocations":1,"location":null,"numPassingAsserts":1,"retryReasons":[],"status":"passed","title":"keeps_prior_datetime_when_time_input_invalid"},{"ancestorTitles":["Phase 1 datetime picker date blanking regressions"],"duration":6,"failureDetails":[],"failureMessages":[],"fullName":"Phase 1 datetime picker date blanking regressions does_not_blank_date_input_after_time_edit","invocations":1,"location":null,"numPassingAsserts":3,"retryReasons":[],"status":"passed","title":"does_not_blank_date_input_after_time_edit"}],"endTime":1778451049187,"message":"","name":"C:\\git\\Personal\\Summit\\tests\\unit\\components\\calendar-datetime-picker-date-blanking.spec.ts","startTime":1778451048930,"status":"passed","summary":""},{"assertionResults":[{"ancestorTitles":["Phase 4 dialog scroll and footer hardening contract"],"duration":57,"failureDetails":[],"failureMessages":[],"fullName":"Phase 4 dialog scroll and footer hardening contract DialogComponent body is vertically scrollable with horizontal overflow protection and flex shrink safeguards","invocations":1,"location":null,"numPassingAsserts":6,"retryReasons":[],"status":"passed","title":"DialogComponent body is vertically scrollable with horizontal overflow protection and flex shrink safeguards"},{"ancestorTitles":["Phase 4 dialog scroll and footer hardening contract"],"duration":5,"failureDetails":[],"failureMessages":[],"fullName":"Phase 4 dialog scroll and footer hardening contract summit dialog surface uses border-box sizing so borders stay inside declared dimensions","invocations":1,"location":null,"numPassingAsserts":3,"retryReasons":[],"status":"passed","title":"summit dialog surface uses border-box sizing so borders stay inside declared dimensions"},{"ancestorTitles":["Phase 4 dialog scroll and footer hardening contract"],"duration":9,"failureDetails":[],"failureMessages":[],"fullName":"Phase 4 dialog scroll and footer hardening contract DialogComponent body prevents horizontal overflow while preserving vertical scrolling","invocations":1,"location":null,"numPassingAsserts":4,"retryReasons":[],"status":"passed","title":"DialogComponent body prevents horizontal overflow while preserving vertical scrolling"},{"ancestorTitles":["Phase 4 dialog scroll and footer hardening contract"],"duration":13,"failureDetails":[],"failureMessages":[],"fullName":"Phase 4 dialog scroll and footer hardening contract dialog footer actions remain sticky outside the scroll body and independently accessible","invocations":1,"location":null,"numPassingAsserts":10,"retryReasons":[],"status":"passed","title":"dialog footer actions remain sticky outside the scroll body and independently accessible"},{"ancestorTitles":["Phase 4 dialog scroll and footer hardening contract"],"duration":6,"failureDetails":[],"failureMessages":[],"fullName":"Phase 4 dialog scroll and footer hardening contract custom footer prop receives sticky footer treatment outside the scrollable body","invocations":1,"location":null,"numPassingAsserts":6,"retryReasons":[],"status":"passed","title":"custom footer prop receives sticky footer treatment outside the scrollable body"},{"ancestorTitles":["Phase 4 dialog scroll and footer hardening contract"],"duration":26,"failureDetails":[],"failureMessages":[],"fullName":"Phase 4 dialog scroll and footer hardening contract custom footer prop receives footer treatment equivalent to the buttons pathway","invocations":1,"location":null,"numPassingAsserts":12,"retryReasons":[],"status":"passed","title":"custom footer prop receives footer treatment equivalent to the buttons pathway"}],"endTime":1778451049545,"message":"","name":"C:\\git\\Personal\\Summit\\tests\\unit\\components\\dialog-scrollable-content.spec.ts","startTime":1778451049213,"status":"passed","summary":""},{"assertionResults":[{"ancestorTitles":["Phase 3 data grid toolbar contracts"],"duration":60,"failureDetails":[],"failureMessages":[],"fullName":"Phase 3 data grid toolbar contracts triggers functional export actions from toolbar buttons","invocations":1,"location":null,"numPassingAsserts":6,"retryReasons":[],"status":"passed","title":"triggers functional export actions from toolbar buttons"}],"endTime":1778451049932,"message":"","name":"C:\\git\\Personal\\Summit\\tests\\unit\\components\\data-grid-toolbar-actions.spec.ts","startTime":1778451049620,"status":"passed","summary":""},{"assertionResults":[{"ancestorTitles":["Phase 2 dialog behavior contract"],"duration":8,"failureDetails":[],"failureMessages":[],"fullName":"Phase 2 dialog behavior contract uses OSS dialog wrapper in SummitCalendar and removes Syncfusion dialog import","invocations":1,"location":null,"numPassingAsserts":3,"retryReasons":[],"status":"passed","title":"uses OSS dialog wrapper in SummitCalendar and removes Syncfusion dialog import"},{"ancestorTitles":["Phase 2 dialog behavior contract"],"duration":34,"failureDetails":[],"failureMessages":[],"fullName":"Phase 2 dialog behavior contract supports imperative show/hide and close callback","invocations":1,"location":null,"numPassingAsserts":5,"retryReasons":[],"status":"passed","title":"supports imperative show/hide and close callback"},{"ancestorTitles":["Phase 2 dialog behavior contract"],"duration":7,"failureDetails":[],"failureMessages":[],"fullName":"Phase 2 dialog behavior contract scrollable content area has overflowY auto so tall content is accessible","invocations":1,"location":null,"numPassingAsserts":3,"retryReasons":[],"status":"passed","title":"scrollable content area has overflowY auto so tall content is accessible"},{"ancestorTitles":["Phase 2 dialog behavior contract"],"duration":10,"failureDetails":[],"failureMessages":[],"fullName":"Phase 2 dialog behavior contract renders footer prop outside the scrollable content area","invocations":1,"location":null,"numPassingAsserts":6,"retryReasons":[],"status":"passed","title":"renders footer prop outside the scrollable content area"},{"ancestorTitles":["Phase 2 dialog behavior contract"],"duration":3,"failureDetails":[],"failureMessages":[],"fullName":"Phase 2 dialog behavior contract SummitCalendar passes editorFooterTemplate via footer prop, not as child content","invocations":1,"location":null,"numPassingAsserts":3,"retryReasons":[],"status":"passed","title":"SummitCalendar passes editorFooterTemplate via footer prop, not as child content"}],"endTime":1778451050314,"message":"","name":"C:\\git\\Personal\\Summit\\tests\\unit\\components\\dialog-open-close.spec.ts","startTime":1778451050011,"status":"passed","summary":""},{"assertionResults":[{"ancestorTitles":["Phase 5 data grid export feedback contract"],"duration":35,"failureDetails":[],"failureMessages":[],"fullName":"Phase 5 data grid export feedback contract shows user feedback for successful and failed export actions","invocations":1,"location":null,"numPassingAsserts":5,"retryReasons":[],"status":"passed","title":"shows user feedback for successful and failed export actions"}],"endTime":1778451050630,"message":"","name":"C:\\git\\Personal\\Summit\\tests\\unit\\components\\data-grid-export-feedback.spec.ts","startTime":1778451050362,"status":"passed","summary":""},{"assertionResults":[{"ancestorTitles":["Phase 5 data grid sort indicator and aria contract"],"duration":49,"failureDetails":[],"failureMessages":[],"fullName":"Phase 5 data grid sort indicator and aria contract exposes clearer sorting state with aria messaging and neutral indicator","invocations":1,"location":null,"numPassingAsserts":9,"retryReasons":[],"status":"passed","title":"exposes clearer sorting state with aria messaging and neutral indicator"}],"endTime":1778451050945,"message":"","name":"C:\\git\\Personal\\Summit\\tests\\unit\\components\\data-grid-sort-indicator-and-aria.spec.ts","startTime":1778451050665,"status":"passed","summary":""},{"assertionResults":[{"ancestorTitles":["Phase 5 data grid pagination contract"],"duration":45,"failureDetails":[],"failureMessages":[],"fullName":"Phase 5 data grid pagination contract paginates rows with clear controls for faster report traversal","invocations":1,"location":null,"numPassingAsserts":13,"retryReasons":[],"status":"passed","title":"paginates rows with clear controls for faster report traversal"}],"endTime":1778451051253,"message":"","name":"C:\\git\\Personal\\Summit\\tests\\unit\\components\\data-grid-pagination-contract.spec.ts","startTime":1778451050980,"status":"passed","summary":""},{"assertionResults":[{"ancestorTitles":["Phase 3 excel export functional contract"],"duration":4,"failureDetails":[],"failureMessages":[],"fullName":"Phase 3 excel export functional contract exports flattened rows with configured headers and file name","invocations":1,"location":null,"numPassingAsserts":4,"retryReasons":[],"status":"passed","title":"exports flattened rows with configured headers and file name"}],"endTime":1778451051489,"message":"","name":"C:\\git\\Personal\\Summit\\tests\\unit\\components\\data-grid-excel-export-functional.spec.ts","startTime":1778451051294,"status":"passed","summary":""},{"assertionResults":[{"ancestorTitles":["Phase 2 event editor keyboard shortcuts"],"duration":3,"failureDetails":[],"failureMessages":[],"fullName":"Phase 2 event editor keyboard shortcuts supports ctrl/cmd + s save shortcuts for a faster editor workflow","invocations":1,"location":null,"numPassingAsserts":6,"retryReasons":[],"status":"passed","title":"supports ctrl/cmd + s save shortcuts for a faster editor workflow"}],"endTime":1778451051717,"message":"","name":"C:\\git\\Personal\\Summit\\tests\\unit\\components\\event-editor-shortcuts.spec.ts","startTime":1778451051523,"status":"passed","summary":""},{"assertionResults":[{"ancestorTitles":["Phase 4 grouped multi-select semantics"],"duration":2,"failureDetails":[],"failureMessages":[],"fullName":"Phase 4 grouped multi-select semantics removes Syncfusion DropDownTree usage and keeps grouped multi-select pattern in SummitCalendar","invocations":1,"location":null,"numPassingAsserts":3,"retryReasons":[],"status":"passed","title":"removes Syncfusion DropDownTree usage and keeps grouped multi-select pattern in SummitCalendar"},{"ancestorTitles":["Phase 4 grouped multi-select semantics"],"duration":3,"failureDetails":[],"failureMessages":[],"fullName":"Phase 4 grouped multi-select semantics builds grouped member options for select optgroups","invocations":1,"location":null,"numPassingAsserts":2,"retryReasons":[],"status":"passed","title":"builds grouped member options for select optgroups"},{"ancestorTitles":["Phase 4 grouped multi-select semantics"],"duration":2,"failureDetails":[],"failureMessages":[],"fullName":"Phase 4 grouped multi-select semantics maps grouped multi-select values to organiser/member payload members","invocations":1,"location":null,"numPassingAsserts":2,"retryReasons":[],"status":"passed","title":"maps grouped multi-select values to organiser/member payload members"}],"endTime":1778451051938,"message":"","name":"C:\\git\\Personal\\Summit\\tests\\unit\\components\\grouped-multiselect-selection.spec.ts","startTime":1778451051734,"status":"passed","summary":""},{"assertionResults":[{"ancestorTitles":["Phase 6 focus ring and contrast contract"],"duration":3,"failureDetails":[],"failureMessages":[],"fullName":"Phase 6 focus ring and contrast contract applies a consistent keyboard focus ring and accessible primary contrast pair","invocations":1,"location":null,"numPassingAsserts":9,"retryReasons":[],"status":"passed","title":"applies a consistent keyboard focus ring and accessible primary contrast pair"}],"endTime":1778451052143,"message":"","name":"C:\\git\\Personal\\Summit\\tests\\unit\\components\\focus-ring-and-contrast-contract.spec.ts","startTime":1778451051955,"status":"passed","summary":""},{"assertionResults":[{"ancestorTitles":["Phase 3 calendar editor integration contract"],"duration":27,"failureDetails":[],"failureMessages":[],"fullName":"Phase 3 calendar editor integration contract calendar-editor-dialog content remains reachable via vertical scroll","invocations":1,"location":null,"numPassingAsserts":4,"retryReasons":[],"status":"passed","title":"calendar-editor-dialog content remains reachable via vertical scroll"},{"ancestorTitles":["Phase 3 calendar editor integration contract"],"duration":5,"failureDetails":[],"failureMessages":[],"fullName":"Phase 3 calendar editor integration contract calendar editor long-form sections remain accessible without clipping","invocations":1,"location":null,"numPassingAsserts":9,"retryReasons":[],"status":"passed","title":"calendar editor long-form sections remain accessible without clipping"}],"endTime":1778451052398,"message":"","name":"C:\\git\\Personal\\Summit\\tests\\unit\\components\\calendar-editor-integration.spec.ts","startTime":1778451052159,"status":"passed","summary":""},{"assertionResults":[{"ancestorTitles":["Phase 2 event editor defaults and layout contract"],"duration":4,"failureDetails":[],"failureMessages":[],"fullName":"Phase 2 event editor defaults and layout contract applies speed-oriented defaults and compact grouped layout hooks","invocations":1,"location":null,"numPassingAsserts":5,"retryReasons":[],"status":"passed","title":"applies speed-oriented defaults and compact grouped layout hooks"}],"endTime":1778451052612,"message":"","name":"C:\\git\\Personal\\Summit\\tests\\unit\\components\\event-editor-defaults-and-layout-contract.spec.ts","startTime":1778451052440,"status":"passed","summary":""},{"assertionResults":[{"ancestorTitles":["Phase 1 calendar editor layout spacing contract"],"duration":3,"failureDetails":[],"failureMessages":[],"fullName":"Phase 1 calendar editor layout spacing contract editor container defines explicit tokenized vertical spacing","invocations":1,"location":null,"numPassingAsserts":3,"retryReasons":[],"status":"passed","title":"editor container defines explicit tokenized vertical spacing"},{"ancestorTitles":["Phase 1 calendar editor layout spacing contract"],"duration":3,"failureDetails":[],"failureMessages":[],"fullName":"Phase 1 calendar editor layout spacing contract editor fields flow as block-level field groups instead of raw inline label content","invocations":1,"location":null,"numPassingAsserts":4,"retryReasons":[],"status":"passed","title":"editor fields flow as block-level field groups instead of raw inline label content"},{"ancestorTitles":["Phase 1 calendar editor layout spacing contract"],"duration":4,"failureDetails":[],"failureMessages":[],"fullName":"Phase 1 calendar editor layout spacing contract documents executable browser-level visual coverage added for Phase 6","invocations":1,"location":null,"numPassingAsserts":8,"retryReasons":[],"status":"passed","title":"documents executable browser-level visual coverage added for Phase 6"},{"ancestorTitles":["Phase 2 calendar editor structured field layout contract"],"duration":2,"failureDetails":[],"failureMessages":[],"fullName":"Phase 2 calendar editor structured field layout contract editor template uses reusable field, label, control, and status hooks for major fields","invocations":1,"location":null,"numPassingAsserts":12,"retryReasons":[],"status":"passed","title":"editor template uses reusable field, label, control, and status hooks for major fields"},{"ancestorTitles":["Phase 2 calendar editor structured field layout contract"],"duration":3,"failureDetails":[],"failureMessages":[],"fullName":"Phase 2 calendar editor structured field layout contract field layout uses tokenized CSS hooks instead of raw label inline flow","invocations":1,"location":null,"numPassingAsserts":10,"retryReasons":[],"status":"passed","title":"field layout uses tokenized CSS hooks instead of raw label inline flow"},{"ancestorTitles":["Phase 3 calendar editor date/time layout spacing contract"],"duration":3,"failureDetails":[],"failureMessages":[],"fullName":"Phase 3 calendar editor date/time layout spacing contract places Start and End controls inside dedicated date/time layout wrappers","invocations":1,"location":null,"numPassingAsserts":10,"retryReasons":[],"status":"passed","title":"places Start and End controls inside dedicated date/time layout wrappers"},{"ancestorTitles":["Phase 3 calendar editor date/time layout spacing contract"],"duration":2,"failureDetails":[],"failureMessages":[],"fullName":"Phase 3 calendar editor date/time layout spacing contract uses tokenized gaps and min-width safeguards to prevent adjacent date/time borders colliding","invocations":1,"location":null,"numPassingAsserts":8,"retryReasons":[],"status":"passed","title":"uses tokenized gaps and min-width safeguards to prevent adjacent date/time borders colliding"},{"ancestorTitles":["Phase 3 calendar editor date/time layout spacing contract"],"duration":3,"failureDetails":[],"failureMessages":[],"fullName":"Phase 3 calendar editor date/time layout spacing contract uses two columns when space allows and stacks date/time groups on narrow widths","invocations":1,"location":null,"numPassingAsserts":5,"retryReasons":[],"status":"passed","title":"uses two columns when space allows and stacks date/time groups on narrow widths"},{"ancestorTitles":["Phase 3 calendar editor date/time layout spacing contract"],"duration":2,"failureDetails":[],"failureMessages":[],"fullName":"Phase 3 calendar editor date/time layout spacing contract keeps date range validation and conflict warning hooks discoverable after date/time grouping","invocations":1,"location":null,"numPassingAsserts":6,"retryReasons":[],"status":"passed","title":"keeps date range validation and conflict warning hooks discoverable after date/time grouping"},{"ancestorTitles":["Phase 5 calendar editor footer action layout contract"],"duration":3,"failureDetails":[],"failureMessages":[],"fullName":"Phase 5 calendar editor footer action layout contract calendar editor footer and action group expose dedicated flex layout hooks with tokenized wrapping gaps","invocations":1,"location":null,"numPassingAsserts":12,"retryReasons":[],"status":"passed","title":"calendar editor footer and action group expose dedicated flex layout hooks with tokenized wrapping gaps"},{"ancestorTitles":["Phase 5 calendar editor footer action layout contract"],"duration":3,"failureDetails":[],"failureMessages":[],"fullName":"Phase 5 calendar editor footer action layout contract calendar editor button spacing is owned by the action group instead of relying only on global summit-button margin-left","invocations":1,"location":null,"numPassingAsserts":3,"retryReasons":[],"status":"passed","title":"calendar editor button spacing is owned by the action group instead of relying only on global summit-button margin-left"},{"ancestorTitles":["Phase 5 calendar editor footer action layout contract"],"duration":4,"failureDetails":[],"failureMessages":[],"fullName":"Phase 5 calendar editor footer action layout contract calendar editor actions remain in the shared custom footer path outside scrollable content","invocations":1,"location":null,"numPassingAsserts":4,"retryReasons":[],"status":"passed","title":"calendar editor actions remain in the shared custom footer path outside scrollable content"},{"ancestorTitles":["Phase 5 calendar editor footer action layout contract"],"duration":9,"failureDetails":[],"failureMessages":[],"fullName":"Phase 5 calendar editor footer action layout contract Save, Delete, Open, and Cancel actions keep discoverable hooks and existing behavior wiring","invocations":1,"location":null,"numPassingAsserts":10,"retryReasons":[],"status":"passed","title":"Save, Delete, Open, and Cancel actions keep discoverable hooks and existing behavior wiring"}],"endTime":1778451052905,"message":"","name":"C:\\git\\Personal\\Summit\\tests\\unit\\components\\calendar-editor-layout-spacing-contract.spec.ts","startTime":1778451052639,"status":"passed","summary":""},{"assertionResults":[{"ancestorTitles":["Phase 2 event editor local draft persistence"],"duration":4,"failureDetails":[],"failureMessages":[],"fullName":"Phase 2 event editor local draft persistence saves and restores draft data using localStorage only","invocations":1,"location":null,"numPassingAsserts":2,"retryReasons":[],"status":"passed","title":"saves and restores draft data using localStorage only"},{"ancestorTitles":["Phase 2 event editor local draft persistence"],"duration":1,"failureDetails":[],"failureMessages":[],"fullName":"Phase 2 event editor local draft persistence clears draft data after save/cancel paths","invocations":1,"location":null,"numPassingAsserts":2,"retryReasons":[],"status":"passed","title":"clears draft data after save/cancel paths"},{"ancestorTitles":["Phase 2 event editor local draft persistence"],"duration":0,"failureDetails":[],"failureMessages":[],"fullName":"Phase 2 event editor local draft persistence ignores malformed local draft payloads safely","invocations":1,"location":null,"numPassingAsserts":1,"retryReasons":[],"status":"passed","title":"ignores malformed local draft payloads safely"}],"endTime":1778451053136,"message":"","name":"C:\\git\\Personal\\Summit\\tests\\unit\\components\\event-editor-local-draft-persistence.spec.ts","startTime":1778451052935,"status":"passed","summary":""},{"assertionResults":[{"ancestorTitles":["Phase 5 calendar view switching contract"],"duration":4,"failureDetails":[],"failureMessages":[],"fullName":"Phase 5 calendar view switching contract uses FullCalendar community edition with explicit view-switching toolbar","invocations":1,"location":null,"numPassingAsserts":18,"retryReasons":[],"status":"passed","title":"uses FullCalendar community edition with explicit view-switching toolbar"}],"endTime":1778451053352,"message":"","name":"C:\\git\\Personal\\Summit\\tests\\unit\\components\\calendar-view-switching.spec.ts","startTime":1778451053163,"status":"passed","summary":""},{"assertionResults":[{"ancestorTitles":["Phase 1 calendar loading/empty/error UX contract"],"duration":3,"failureDetails":[],"failureMessages":[],"fullName":"Phase 1 calendar loading/empty/error UX contract defines baseline markers for loading, empty, and error states","invocations":1,"location":null,"numPassingAsserts":6,"retryReasons":[],"status":"passed","title":"defines baseline markers for loading, empty, and error states"}],"endTime":1778451053586,"message":"","name":"C:\\git\\Personal\\Summit\\tests\\unit\\components\\calendar-loading-empty-error-contract.spec.ts","startTime":1778451053369,"status":"passed","summary":""},{"assertionResults":[{"ancestorTitles":["Phase 1 data grid empty/sort indicator contract"],"duration":2,"failureDetails":[],"failureMessages":[],"fullName":"Phase 1 data grid empty/sort indicator contract defines baseline empty-state and sort-indicator markers","invocations":1,"location":null,"numPassingAsserts":5,"retryReasons":[],"status":"passed","title":"defines baseline empty-state and sort-indicator markers"}],"endTime":1778451053790,"message":"","name":"C:\\git\\Personal\\Summit\\tests\\unit\\components\\data-grid-empty-sort-indicator-contract.spec.ts","startTime":1778451053601,"status":"passed","summary":""},{"assertionResults":[{"ancestorTitles":["Phase 5 calendar render contract"],"duration":6,"failureDetails":[],"failureMessages":[],"fullName":"Phase 5 calendar render contract maps Summit calendar items into FullCalendar event render callbacks","invocations":1,"location":null,"numPassingAsserts":11,"retryReasons":[],"status":"passed","title":"maps Summit calendar items into FullCalendar event render callbacks"}],"endTime":1778451054006,"message":"","name":"C:\\git\\Personal\\Summit\\tests\\unit\\components\\calendar-render-contract.spec.ts","startTime":1778451053808,"status":"passed","summary":""},{"assertionResults":[{"ancestorTitles":["Phase 1 event editor speed proxy contract"],"duration":2,"failureDetails":[],"failureMessages":[],"fullName":"Phase 1 event editor speed proxy contract includes non-functional instrumentation markers for editor responsiveness proxies","invocations":1,"location":null,"numPassingAsserts":6,"retryReasons":[],"status":"passed","title":"includes non-functional instrumentation markers for editor responsiveness proxies"}],"endTime":1778451054233,"message":"","name":"C:\\git\\Personal\\Summit\\tests\\unit\\components\\event-editor-speed-contract.spec.ts","startTime":1778451054046,"status":"passed","summary":""},{"assertionResults":[{"ancestorTitles":["Phase 2 event editor inline validation contract"],"duration":3,"failureDetails":[],"failureMessages":[],"fullName":"Phase 2 event editor inline validation contract uses inline validation state instead of alert-driven validation interruptions","invocations":1,"location":null,"numPassingAsserts":7,"retryReasons":[],"status":"passed","title":"uses inline validation state instead of alert-driven validation interruptions"},{"ancestorTitles":["Phase 2 event editor inline validation contract"],"duration":2,"failureDetails":[],"failureMessages":[],"fullName":"Phase 2 event editor inline validation contract keeps required markers and validation or warning messages discoverable inside field status containers","invocations":1,"location":null,"numPassingAsserts":12,"retryReasons":[],"status":"passed","title":"keeps required markers and validation or warning messages discoverable inside field status containers"}],"endTime":1778451054435,"message":"","name":"C:\\git\\Personal\\Summit\\tests\\unit\\components\\event-editor-inline-validation-contract.spec.ts","startTime":1778451054249,"status":"passed","summary":""},{"assertionResults":[{"ancestorTitles":["Phase 3 calendar view persistence"],"duration":4,"failureDetails":[],"failureMessages":[],"fullName":"Phase 3 calendar view persistence persists and restores the selected FullCalendar view with listRange migration safeguards","invocations":1,"location":null,"numPassingAsserts":8,"retryReasons":[],"status":"passed","title":"persists and restores the selected FullCalendar view with listRange migration safeguards"}],"endTime":1778451054660,"message":"","name":"C:\\git\\Personal\\Summit\\tests\\unit\\components\\calendar-view-persistence.spec.ts","startTime":1778451054451,"status":"passed","summary":""},{"assertionResults":[{"ancestorTitles":["Phase 3 keyboard new-event behavior"],"duration":4,"failureDetails":[],"failureMessages":[],"fullName":"Phase 3 keyboard new-event behavior supports an n-key shortcut to open the new-event editor from the calendar surface","invocations":1,"location":null,"numPassingAsserts":5,"retryReasons":[],"status":"passed","title":"supports an n-key shortcut to open the new-event editor from the calendar surface"}],"endTime":1778451054859,"message":"","name":"C:\\git\\Personal\\Summit\\tests\\unit\\components\\calendar-keyboard-new-event.spec.ts","startTime":1778451054680,"status":"passed","summary":""},{"assertionResults":[{"ancestorTitles":["Phase 2 toast behavior contract"],"duration":6,"failureDetails":[],"failureMessages":[],"fullName":"Phase 2 toast behavior contract uses OSS toast wrapper in PresentAwards and removes Syncfusion toast import","invocations":1,"location":null,"numPassingAsserts":3,"retryReasons":[],"status":"passed","title":"uses OSS toast wrapper in PresentAwards and removes Syncfusion toast import"},{"ancestorTitles":["Phase 2 toast behavior contract"],"duration":13,"failureDetails":[],"failureMessages":[],"fullName":"Phase 2 toast behavior contract exposes imperative show() and displays toast content","invocations":1,"location":null,"numPassingAsserts":2,"retryReasons":[],"status":"passed","title":"exposes imperative show() and displays toast content"}],"endTime":1778451055119,"message":"","name":"C:\\git\\Personal\\Summit\\tests\\unit\\components\\toast-behavior.spec.ts","startTime":1778451054886,"status":"passed","summary":""},{"assertionResults":[{"ancestorTitles":["Phase 2 date/time input contracts"],"duration":2,"failureDetails":[],"failureMessages":[],"fullName":"Phase 2 date/time input contracts uses OSS date/time wrappers and removes Syncfusion calendar imports","invocations":1,"location":null,"numPassingAsserts":4,"retryReasons":[],"status":"passed","title":"uses OSS date/time wrappers and removes Syncfusion calendar imports"},{"ancestorTitles":["Phase 2 date/time input contracts"],"duration":2,"failureDetails":[],"failureMessages":[],"fullName":"Phase 2 date/time input contracts emits name/value change events for date and time fields","invocations":1,"location":null,"numPassingAsserts":4,"retryReasons":[],"status":"passed","title":"emits name/value change events for date and time fields"}],"endTime":1778451055371,"message":"","name":"C:\\git\\Personal\\Summit\\tests\\unit\\components\\date-time-input-contract.spec.ts","startTime":1778451055149,"status":"passed","summary":""},{"assertionResults":[{"ancestorTitles":["Phase 3 calendar legend and range context"],"duration":9,"failureDetails":[],"failureMessages":[],"fullName":"Phase 3 calendar legend and range context shows list-range styling hooks and labels legend entries by invitee/section","invocations":1,"location":null,"numPassingAsserts":18,"retryReasons":[],"status":"passed","title":"shows list-range styling hooks and labels legend entries by invitee/section"}],"endTime":1778451055616,"message":"","name":"C:\\git\\Personal\\Summit\\tests\\unit\\components\\calendar-legend-and-range-context.spec.ts","startTime":1778451055393,"status":"passed","summary":""},{"assertionResults":[{"ancestorTitles":["Phase 5 calendar event CRUD contract"],"duration":6,"failureDetails":[],"failureMessages":[],"fullName":"Phase 5 calendar event CRUD contract keeps create/update/delete service flows wired through the FullCalendar interactions","invocations":1,"location":null,"numPassingAsserts":11,"retryReasons":[],"status":"passed","title":"keeps create/update/delete service flows wired through the FullCalendar interactions"}],"endTime":1778451055929,"message":"","name":"C:\\git\\Personal\\Summit\\tests\\unit\\components\\calendar-event-crud.spec.ts","startTime":1778451055681,"status":"passed","summary":""},{"assertionResults":[{"ancestorTitles":["Phase 4 event conflict soft warning detection"],"duration":3,"failureDetails":[],"failureMessages":[],"fullName":"Phase 4 event conflict soft warning detection returns warnings when another event overlaps with the edited event","invocations":1,"location":null,"numPassingAsserts":3,"retryReasons":[],"status":"passed","title":"returns warnings when another event overlaps with the edited event"},{"ancestorTitles":["Phase 4 event conflict soft warning detection"],"duration":2,"failureDetails":[],"failureMessages":[],"fullName":"Phase 4 event conflict soft warning detection does not return warnings when overlaps do not exist","invocations":1,"location":null,"numPassingAsserts":1,"retryReasons":[],"status":"passed","title":"does not return warnings when overlaps do not exist"}],"endTime":1778451056154,"message":"","name":"C:\\git\\Personal\\Summit\\tests\\unit\\components\\event-conflict-soft-warning.spec.ts","startTime":1778451055956,"status":"passed","summary":""},{"assertionResults":[{"ancestorTitles":["Phase 6 design token contract"],"duration":5,"failureDetails":[],"failureMessages":[],"fullName":"Phase 6 design token contract defines reusable CSS tokens for spacing, typography, colour hierarchy, and component states","invocations":1,"location":null,"numPassingAsserts":19,"retryReasons":[],"status":"passed","title":"defines reusable CSS tokens for spacing, typography, colour hierarchy, and component states"}],"endTime":1778451056432,"message":"","name":"C:\\git\\Personal\\Summit\\tests\\unit\\components\\design-token-contract.spec.ts","startTime":1778451056173,"status":"passed","summary":""},{"assertionResults":[{"ancestorTitles":["Phase 4 save with warning allowed contract"],"duration":3,"failureDetails":[],"failureMessages":[],"fullName":"Phase 4 save with warning allowed contract keeps save non-blocking even when soft conflict warnings are present","invocations":1,"location":null,"numPassingAsserts":5,"retryReasons":[],"status":"passed","title":"keeps save non-blocking even when soft conflict warnings are present"}],"endTime":1778451056688,"message":"","name":"C:\\git\\Personal\\Summit\\tests\\unit\\components\\event-save-with-warning-allowed.spec.ts","startTime":1778451056457,"status":"passed","summary":""},{"assertionResults":[{"ancestorTitles":["Phase 4 calendar editor payload shape"],"duration":44,"failureDetails":[],"failureMessages":[],"fullName":"Phase 4 calendar editor payload shape keeps organiser/member/review semantics when transformed into TerrainEventItem payload","invocations":1,"location":null,"numPassingAsserts":4,"retryReasons":[],"status":"passed","title":"keeps organiser/member/review semantics when transformed into TerrainEventItem payload"},{"ancestorTitles":["Phase 4 calendar editor payload shape"],"duration":7,"failureDetails":[],"failureMessages":[],"fullName":"Phase 4 calendar editor payload shape produces_valid_datetime_payload_after_time_edit","invocations":1,"location":null,"numPassingAsserts":4,"retryReasons":[],"status":"passed","title":"produces_valid_datetime_payload_after_time_edit"},{"ancestorTitles":["Phase 4 calendar editor payload shape"],"duration":13,"failureDetails":[],"failureMessages":[],"fullName":"Phase 4 calendar editor payload shape enforces unit owner and current-member organiser defaults for new activity using latest active profile","invocations":1,"location":null,"numPassingAsserts":7,"retryReasons":[],"status":"passed","title":"enforces unit owner and current-member organiser defaults for new activity using latest active profile"},{"ancestorTitles":["Phase 4 calendar editor payload shape"],"duration":9,"failureDetails":[],"failureMessages":[],"fullName":"Phase 4 calendar editor payload shape does not allow saved draft owner or organiser fields to override create defaults","invocations":1,"location":null,"numPassingAsserts":7,"retryReasons":[],"status":"passed","title":"does not allow saved draft owner or organiser fields to override create defaults"},{"ancestorTitles":["Phase 4 calendar editor payload shape"],"duration":2,"failureDetails":[],"failureMessages":[],"fullName":"Phase 4 calendar editor payload shape serializer enforces unit event_type and active unit id even when source owner fields differ","invocations":1,"location":null,"numPassingAsserts":2,"retryReasons":[],"status":"passed","title":"serializer enforces unit event_type and active unit id even when source owner fields differ"},{"ancestorTitles":["Phase 4 calendar editor payload shape"],"duration":3,"failureDetails":[],"failureMessages":[],"fullName":"Phase 4 calendar editor payload shape serializer emits organisers as string ids and defaults to current member when source organisers missing","invocations":1,"location":null,"numPassingAsserts":3,"retryReasons":[],"status":"passed","title":"serializer emits organisers as string ids and defaults to current member when source organisers missing"}],"endTime":1778451057043,"message":"","name":"C:\\git\\Personal\\Summit\\tests\\unit\\components\\calendar-editor-payload-shape.spec.ts","startTime":1778451056711,"status":"passed","summary":""},{"assertionResults":[{"ancestorTitles":["Phase 4 warning visibility contract"],"duration":3,"failureDetails":[],"failureMessages":[],"fullName":"Phase 4 warning visibility contract renders soft conflict warnings inside the editor with stable hooks","invocations":1,"location":null,"numPassingAsserts":4,"retryReasons":[],"status":"passed","title":"renders soft conflict warnings inside the editor with stable hooks"}],"endTime":1778451057284,"message":"","name":"C:\\git\\Personal\\Summit\\tests\\unit\\components\\event-warning-visibility-contract.spec.ts","startTime":1778451057084,"status":"passed","summary":""},{"assertionResults":[{"ancestorTitles":["Phase 3 calendar quick filters"],"duration":9,"failureDetails":[],"failureMessages":[],"fullName":"Phase 3 calendar quick filters provides list-range controls with presets and custom date-range handling for list views","invocations":1,"location":null,"numPassingAsserts":10,"retryReasons":[],"status":"passed","title":"provides list-range controls with presets and custom date-range handling for list views"}],"endTime":1778451057500,"message":"","name":"C:\\git\\Personal\\Summit\\tests\\unit\\components\\calendar-quick-filters.spec.ts","startTime":1778451057300,"status":"passed","summary":""},{"assertionResults":[{"ancestorTitles":["Home version display contract"],"duration":5,"failureDetails":[],"failureMessages":[],"fullName":"Home version display contract passes extension version through loader DOM contract and renders it in Home view","invocations":1,"location":null,"numPassingAsserts":11,"retryReasons":[],"status":"passed","title":"passes extension version through loader DOM contract and renders it in Home view"}],"endTime":1778451057779,"message":"","name":"C:\\git\\Personal\\Summit\\tests\\unit\\components\\home-version-display.spec.ts","startTime":1778451057525,"status":"passed","summary":""},{"assertionResults":[{"ancestorTitles":["Phase 4 SummitCalendar validation rules"],"duration":4,"failureDetails":[],"failureMessages":[],"fullName":"Phase 4 SummitCalendar validation rules passes when all required fields are present and dates/members are valid","invocations":1,"location":null,"numPassingAsserts":2,"retryReasons":[],"status":"passed","title":"passes when all required fields are present and dates/members are valid"},{"ancestorTitles":["Phase 4 SummitCalendar validation rules"],"duration":1,"failureDetails":[],"failureMessages":[],"fullName":"Phase 4 SummitCalendar validation rules fails when required fields are missing","invocations":1,"location":null,"numPassingAsserts":2,"retryReasons":[],"status":"passed","title":"fails when required fields are missing"},{"ancestorTitles":["Phase 4 SummitCalendar validation rules"],"duration":1,"failureDetails":[],"failureMessages":[],"fullName":"Phase 4 SummitCalendar validation rules fails when a member is both a leader and assistant","invocations":1,"location":null,"numPassingAsserts":2,"retryReasons":[],"status":"passed","title":"fails when a member is both a leader and assistant"},{"ancestorTitles":["Phase 4 SummitCalendar validation rules"],"duration":1,"failureDetails":[],"failureMessages":[],"fullName":"Phase 4 SummitCalendar validation rules fails when start is same as or after end","invocations":1,"location":null,"numPassingAsserts":2,"retryReasons":[],"status":"passed","title":"fails when start is same as or after end"},{"ancestorTitles":["Phase 4 SummitCalendar validation rules"],"duration":5,"failureDetails":[],"failureMessages":[],"fullName":"Phase 4 SummitCalendar validation rules validation_paths_handle_updated_start_end_without_blanking","invocations":1,"location":null,"numPassingAsserts":4,"retryReasons":[],"status":"passed","title":"validation_paths_handle_updated_start_end_without_blanking"}],"endTime":1778451058049,"message":"","name":"C:\\git\\Personal\\Summit\\tests\\unit\\components\\summit-calendar-validation-rules.spec.ts","startTime":1778451057798,"status":"passed","summary":""}],"wasInterrupted":false}
